[debug] [2024-09-24T10:43:19.713Z] ----------------------------------------------------------------------
[debug] [2024-09-24T10:43:19.724Z] ----------------------------------------------------------------------
[debug] [2024-09-24T10:43:19.717Z] Command:       C:\Texh Wing\node.exe C:\Users\uasma\AppData\Roaming\npm\node_modules\firebase-tools\lib\bin\firebase.js login
[debug] [2024-09-24T10:43:19.718Z] CLI Version:   13.19.0
[debug] [2024-09-24T10:43:19.718Z] Platform:      win32
[debug] [2024-09-24T10:43:19.718Z] Node Version:  v20.17.0
[debug] [2024-09-24T10:43:19.718Z] Time:          Tue Sep 24 2024 16:13:19 GMT+0530 (India Standard Time)
[debug] [2024-09-24T10:43:19.719Z] ----------------------------------------------------------------------
[debug] 
[debug] [2024-09-24T10:43:19.746Z] >>> [apiv2][query] GET https://firebase-public.firebaseio.com/cli.json [none]
[info] i  Firebase optionally collects CLI and Emulator Suite usage and error reporting information to help improve our products. Data is collected in accordance with Google's privacy policy (https://policies.google.com/privacy) and is not used to identify you.
 
[info] i  To change your data collection preference at any time, run `firebase logout` and log in again. 
[info] 
[debug] [2024-09-24T10:43:19.736Z] Command:       C:\Texh Wing\node.exe C:\Users\uasma\AppData\Roaming\npm\node_modules\firebase-tools\lib\bin\firebase.js login
[debug] [2024-09-24T10:43:19.737Z] CLI Version:   13.19.0
[debug] [2024-09-24T10:43:19.738Z] Platform:      win32
[debug] [2024-09-24T10:43:19.738Z] Node Version:  v20.17.0
[debug] [2024-09-24T10:43:19.739Z] Time:          Tue Sep 24 2024 16:13:19 GMT+0530 (India Standard Time)
[debug] [2024-09-24T10:43:19.739Z] ----------------------------------------------------------------------
[debug] 
[debug] [2024-09-24T10:43:19.755Z] >>> [apiv2][query] GET https://firebase-public.firebaseio.com/cli.json [none]
[info] i  Firebase optionally collects CLI and Emulator Suite usage and error reporting information to help improve our products. Data is collected in accordance with Google's privacy policy (https://policies.google.com/privacy) and is not used to identify you.
 
[info] Visit this URL on this device to log in:
[info] https://accounts.google.com/o/oauth2/auth?client_id=563584335869-fgrhgmd47bqnekij5i8b5pr03ho849e6.apps.googleusercontent.com&scope=email%20openid%20https%3A%2F%2Fwww.googleapis.com%2Fauth%2Fcloudplatformprojects.readonly%20https%3A%2F%2Fwww.googleapis.com%2Fauth%2Ffirebase%20https%3A%2F%2Fwww.googleapis.com%2Fauth%2Fcloud-platform&response_type=code&state=321608191&redirect_uri=http%3A%2F%2Flocalhost%3A9005
[info] 
[info] Waiting for authentication...
[debug] [2024-09-24T10:43:19.982Z] Error: spawn cmd ENOENT
    at ChildProcess._handle.onexit (node:internal/child_process:286:19)
    at onErrorNT (node:internal/child_process:484:16)
    at process.processTicksAndRejections (node:internal/process/task_queues:82:21)
[error] 
[error] Error: An unexpected error has occurred.
[debug] [2024-09-24T10:43:21.638Z] <<< [apiv2][status] GET https://firebase-public.firebaseio.com/cli.json 200
[debug] [2024-09-24T10:43:21.639Z] <<< [apiv2][body] GET https://firebase-public.firebaseio.com/cli.json {"cloudBuildErrorAfter":1594252800000,"cloudBuildWarnAfter":1590019200000,"defaultNode10After":1594252800000,"minVersion":"3.0.5","node8DeploysDisabledAfter":1613390400000,"node8RuntimeDisabledAfter":1615809600000,"node8WarnAfter":1600128000000}
[info] i  To change your data collection preference at any time, run `firebase logout` and log in again. 
[info] 
[info] Visit this URL on this device to log in:
[info] https://accounts.google.com/o/oauth2/auth?client_id=563584335869-fgrhgmd47bqnekij5i8b5pr03ho849e6.apps.googleusercontent.com&scope=email%20openid%20https%3A%2F%2Fwww.googleapis.com%2Fauth%2Fcloudplatformprojects.readonly%20https%3A%2F%2Fwww.googleapis.com%2Fauth%2Ffirebase%20https%3A%2F%2Fwww.googleapis.com%2Fauth%2Fcloud-platform&response_type=code&state=769041090&redirect_uri=http%3A%2F%2Flocalhost%3A9005
[info] 
[info] Waiting for authentication...
[debug] [2024-09-24T10:43:34.813Z] Error: spawn cmd ENOENT
    at ChildProcess._handle.onexit (node:internal/child_process:286:19)
    at onErrorNT (node:internal/child_process:484:16)
    at process.processTicksAndRejections (node:internal/process/task_queues:82:21)
[error] 
[error] Error: An unexpected error has occurred.
[debug] [2024-09-24T10:44:07.008Z] ----------------------------------------------------------------------
[debug] [2024-09-24T10:44:07.011Z] Command:       C:\Texh Wing\node.exe C:\Users\uasma\AppData\Roaming\npm\node_modules\firebase-tools\lib\bin\firebase.js login
[debug] [2024-09-24T10:44:07.011Z] CLI Version:   13.19.0
[debug] [2024-09-24T10:44:07.012Z] Platform:      win32
[debug] [2024-09-24T10:44:07.012Z] Node Version:  v20.17.0
[debug] [2024-09-24T10:44:07.012Z] Time:          Tue Sep 24 2024 16:14:07 GMT+0530 (India Standard Time)
[debug] [2024-09-24T10:44:07.012Z] ----------------------------------------------------------------------
[debug] 
[info] i  Firebase optionally collects CLI and Emulator Suite usage and error reporting information to help improve our products. Data is collected in accordance with Google's privacy policy (https://policies.google.com/privacy) and is not used to identify you.
 
[info] i  To change your data collection preference at any time, run `firebase logout` and log in again. 
[info] 
[info] Visit this URL on this device to log in:
[info] https://accounts.google.com/o/oauth2/auth?client_id=563584335869-fgrhgmd47bqnekij5i8b5pr03ho849e6.apps.googleusercontent.com&scope=email%20openid%20https%3A%2F%2Fwww.googleapis.com%2Fauth%2Fcloudplatformprojects.readonly%20https%3A%2F%2Fwww.googleapis.com%2Fauth%2Ffirebase%20https%3A%2F%2Fwww.googleapis.com%2Fauth%2Fcloud-platform&response_type=code&state=1036658085&redirect_uri=http%3A%2F%2Flocalhost%3A9005
[info] 
[info] Waiting for authentication...
[debug] [2024-09-24T10:44:08.783Z] Error: spawn cmd ENOENT
    at ChildProcess._handle.onexit (node:internal/child_process:286:19)
    at onErrorNT (node:internal/child_process:484:16)
    at process.processTicksAndRejections (node:internal/process/task_queues:82:21)
[error] 
[error] Error: An unexpected error has occurred.
[debug] [2024-09-24T10:44:20.865Z] ----------------------------------------------------------------------
[debug] [2024-09-24T10:44:20.867Z] Command:       C:\Texh Wing\node.exe C:\Users\uasma\AppData\Roaming\npm\node_modules\firebase-tools\lib\bin\firebase.js login
[debug] [2024-09-24T10:44:20.868Z] CLI Version:   13.19.0
[debug] [2024-09-24T10:44:20.868Z] Platform:      win32
[debug] [2024-09-24T10:44:20.868Z] Node Version:  v20.17.0
[debug] [2024-09-24T10:44:20.869Z] Time:          Tue Sep 24 2024 16:14:20 GMT+0530 (India Standard Time)
[debug] [2024-09-24T10:44:20.869Z] ----------------------------------------------------------------------
[debug] 
[info] i  Firebase optionally collects CLI and Emulator Suite usage and error reporting information to help improve our products. Data is collected in accordance with Google's privacy policy (https://policies.google.com/privacy) and is not used to identify you.
 
[info] i  To change your data collection preference at any time, run `firebase logout` and log in again. 
[info] 
[info] Visit this URL on this device to log in:
[info] https://accounts.google.com/o/oauth2/auth?client_id=563584335869-fgrhgmd47bqnekij5i8b5pr03ho849e6.apps.googleusercontent.com&scope=email%20openid%20https%3A%2F%2Fwww.googleapis.com%2Fauth%2Fcloudplatformprojects.readonly%20https%3A%2F%2Fwww.googleapis.com%2Fauth%2Ffirebase%20https%3A%2F%2Fwww.googleapis.com%2Fauth%2Fcloud-platform&response_type=code&state=468294101&redirect_uri=http%3A%2F%2Flocalhost%3A9005
[info] 
[info] Waiting for authentication...
[debug] [2024-09-24T10:44:22.406Z] Error: spawn cmd ENOENT
    at ChildProcess._handle.onexit (node:internal/child_process:286:19)
    at onErrorNT (node:internal/child_process:484:16)
    at process.processTicksAndRejections (node:internal/process/task_queues:82:21)
[error] 
[error] Error: An unexpected error has occurred.
[debug] [2024-09-24T10:45:06.959Z] ----------------------------------------------------------------------
[debug] [2024-09-24T10:45:06.962Z] Command:       C:\Texh Wing\node.exe C:\Users\uasma\AppData\Roaming\npm\node_modules\firebase-tools\lib\bin\firebase.js login
[debug] [2024-09-24T10:45:06.962Z] CLI Version:   13.19.0
[debug] [2024-09-24T10:45:06.962Z] Platform:      win32
[debug] [2024-09-24T10:45:06.963Z] Node Version:  v20.17.0
[debug] [2024-09-24T10:45:06.963Z] Time:          Tue Sep 24 2024 16:15:06 GMT+0530 (India Standard Time)
[debug] [2024-09-24T10:45:06.963Z] ----------------------------------------------------------------------
[debug] 
[info] i  Firebase optionally collects CLI and Emulator Suite usage and error reporting information to help improve our products. Data is collected in accordance with Google's privacy policy (https://policies.google.com/privacy) and is not used to identify you.
 
[info] i  To change your data collection preference at any time, run `firebase logout` and log in again. 
[info] 
[info] Visit this URL on this device to log in:
[info] https://accounts.google.com/o/oauth2/auth?client_id=563584335869-fgrhgmd47bqnekij5i8b5pr03ho849e6.apps.googleusercontent.com&scope=email%20openid%20https%3A%2F%2Fwww.googleapis.com%2Fauth%2Fcloudplatformprojects.readonly%20https%3A%2F%2Fwww.googleapis.com%2Fauth%2Ffirebase%20https%3A%2F%2Fwww.googleapis.com%2Fauth%2Fcloud-platform&response_type=code&state=952217992&redirect_uri=http%3A%2F%2Flocalhost%3A9005
[info] 
[info] Waiting for authentication...
[debug] [2024-09-24T10:45:09.076Z] Error: spawn cmd ENOENT
    at ChildProcess._handle.onexit (node:internal/child_process:286:19)
    at onErrorNT (node:internal/child_process:484:16)
    at process.processTicksAndRejections (node:internal/process/task_queues:82:21)
[error] 
[error] Error: An unexpected error has occurred.
[debug] [2024-09-24T10:47:43.902Z] ----------------------------------------------------------------------
[debug] [2024-09-24T10:47:43.904Z] Command:       C:\Texh Wing\node.exe C:\Users\uasma\AppData\Roaming\npm\node_modules\firebase-tools\lib\bin\firebase.js login
[debug] [2024-09-24T10:47:43.905Z] CLI Version:   13.19.0
[debug] [2024-09-24T10:47:43.905Z] Platform:      win32
[debug] [2024-09-24T10:47:43.905Z] Node Version:  v20.17.0
[debug] [2024-09-24T10:47:43.905Z] Time:          Tue Sep 24 2024 16:17:43 GMT+0530 (India Standard Time)
[debug] [2024-09-24T10:47:43.905Z] ----------------------------------------------------------------------
[debug] 
[info] i  Firebase optionally collects CLI and Emulator Suite usage and error reporting information to help improve our products. Data is collected in accordance with Google's privacy policy (https://policies.google.com/privacy) and is not used to identify you.
 
[info] i  To change your data collection preference at any time, run `firebase logout` and log in again. 
[info] 
[info] Visit this URL on this device to log in:
[info] https://accounts.google.com/o/oauth2/auth?client_id=563584335869-fgrhgmd47bqnekij5i8b5pr03ho849e6.apps.googleusercontent.com&scope=email%20openid%20https%3A%2F%2Fwww.googleapis.com%2Fauth%2Fcloudplatformprojects.readonly%20https%3A%2F%2Fwww.googleapis.com%2Fauth%2Ffirebase%20https%3A%2F%2Fwww.googleapis.com%2Fauth%2Fcloud-platform&response_type=code&state=206502898&redirect_uri=http%3A%2F%2Flocalhost%3A9005
[info] 
[info] Waiting for authentication...
[debug] [2024-09-24T10:47:47.024Z] Error: spawn cmd ENOENT
    at ChildProcess._handle.onexit (node:internal/child_process:286:19)
    at onErrorNT (node:internal/child_process:484:16)
    at process.processTicksAndRejections (node:internal/process/task_queues:82:21)
[error] 
[error] Error: An unexpected error has occurred.
[debug] [2024-09-24T10:58:18.756Z] ----------------------------------------------------------------------
[debug] [2024-09-24T10:58:18.759Z] Command:       C:\Texh Wing\node.exe C:\Users\uasma\AppData\Roaming\npm\node_modules\firebase-tools\lib\bin\firebase.js login
[debug] [2024-09-24T10:58:18.759Z] CLI Version:   13.19.0
[debug] [2024-09-24T10:58:18.759Z] Platform:      win32
[debug] [2024-09-24T10:58:18.759Z] Node Version:  v20.17.0
[debug] [2024-09-24T10:58:18.759Z] Time:          Tue Sep 24 2024 16:28:18 GMT+0530 (India Standard Time)
[debug] [2024-09-24T10:58:18.759Z] ----------------------------------------------------------------------
[debug] 
[info] i  Firebase optionally collects CLI and Emulator Suite usage and error reporting information to help improve our products. Data is collected in accordance with Google's privacy policy (https://policies.google.com/privacy) and is not used to identify you.
 
[info] i  To change your data collection preference at any time, run `firebase logout` and log in again. 
[info] 
[info] Visit this URL on this device to log in:
[info] https://accounts.google.com/o/oauth2/auth?client_id=563584335869-fgrhgmd47bqnekij5i8b5pr03ho849e6.apps.googleusercontent.com&scope=email%20openid%20https%3A%2F%2Fwww.googleapis.com%2Fauth%2Fcloudplatformprojects.readonly%20https%3A%2F%2Fwww.googleapis.com%2Fauth%2Ffirebase%20https%3A%2F%2Fwww.googleapis.com%2Fauth%2Fcloud-platform&response_type=code&state=134124685&redirect_uri=http%3A%2F%2Flocalhost%3A9005
[info] 
[info] Waiting for authentication...
[debug] [2024-09-24T10:58:20.565Z] Error: spawn cmd ENOENT
    at ChildProcess._handle.onexit (node:internal/child_process:286:19)
    at onErrorNT (node:internal/child_process:484:16)
    at process.processTicksAndRejections (node:internal/process/task_queues:82:21)
[error] 
[error] Error: An unexpected error has occurred.
[debug] [2024-09-24T11:04:03.956Z] ----------------------------------------------------------------------
[debug] [2024-09-24T11:04:03.959Z] Command:       C:\Texh Wing\node.exe C:\Users\uasma\AppData\Roaming\npm\node_modules\firebase-tools\lib\bin\firebase.js login
[debug] [2024-09-24T11:04:03.959Z] CLI Version:   13.19.0
[debug] [2024-09-24T11:04:03.959Z] Platform:      win32
[debug] [2024-09-24T11:04:03.959Z] Node Version:  v20.17.0
[debug] [2024-09-24T11:04:03.959Z] Time:          Tue Sep 24 2024 16:34:03 GMT+0530 (India Standard Time)
[debug] [2024-09-24T11:04:03.959Z] ----------------------------------------------------------------------
[debug] 
[info] i  Firebase optionally collects CLI and Emulator Suite usage and error reporting information to help improve our products. Data is collected in accordance with Google's privacy policy (https://policies.google.com/privacy) and is not used to identify you.
 
[info] i  To change your data collection preference at any time, run `firebase logout` and log in again. 
[info] 
[info] Visit this URL on this device to log in:
[info] https://accounts.google.com/o/oauth2/auth?client_id=563584335869-fgrhgmd47bqnekij5i8b5pr03ho849e6.apps.googleusercontent.com&scope=email%20openid%20https%3A%2F%2Fwww.googleapis.com%2Fauth%2Fcloudplatformprojects.readonly%20https%3A%2F%2Fwww.googleapis.com%2Fauth%2Ffirebase%20https%3A%2F%2Fwww.googleapis.com%2Fauth%2Fcloud-platform&response_type=code&state=917108473&redirect_uri=http%3A%2F%2Flocalhost%3A9005
[info] 
[info] Waiting for authentication...
[debug] [2024-09-24T11:04:06.420Z] Error: spawn cmd ENOENT
    at ChildProcess._handle.onexit (node:internal/child_process:286:19)
    at onErrorNT (node:internal/child_process:484:16)
    at process.processTicksAndRejections (node:internal/process/task_queues:82:21)
[error] 
[error] Error: An unexpected error has occurred.
[debug] [2024-09-25T06:38:03.886Z] ----------------------------------------------------------------------
[debug] [2024-09-25T06:38:03.888Z] Command:       C:\Texh Wing\node.exe C:\Users\uasma\AppData\Roaming\npm\node_modules\firebase-tools\lib\bin\firebase.js login
[debug] [2024-09-25T06:38:03.889Z] CLI Version:   13.19.0
[debug] [2024-09-25T06:38:03.889Z] Platform:      win32
[debug] [2024-09-25T06:38:03.889Z] Node Version:  v20.17.0
[debug] [2024-09-25T06:38:03.889Z] Time:          Wed Sep 25 2024 12:08:03 GMT+0530 (India Standard Time)
[debug] [2024-09-25T06:38:03.889Z] ----------------------------------------------------------------------
[debug] 
[info] i  Firebase optionally collects CLI and Emulator Suite usage and error reporting information to help improve our products. Data is collected in accordance with Google's privacy policy (https://policies.google.com/privacy) and is not used to identify you.
 
[info] i  To change your data collection preference at any time, run `firebase logout` and log in again. 
[info] 
[info] Visit this URL on this device to log in:
[info] https://accounts.google.com/o/oauth2/auth?client_id=563584335869-fgrhgmd47bqnekij5i8b5pr03ho849e6.apps.googleusercontent.com&scope=email%20openid%20https%3A%2F%2Fwww.googleapis.com%2Fauth%2Fcloudplatformprojects.readonly%20https%3A%2F%2Fwww.googleapis.com%2Fauth%2Ffirebase%20https%3A%2F%2Fwww.googleapis.com%2Fauth%2Fcloud-platform&response_type=code&state=758772848&redirect_uri=http%3A%2F%2Flocalhost%3A9005
[info] 
[info] Waiting for authentication...
[debug] [2024-09-25T06:38:07.013Z] Error: spawn cmd ENOENT
    at ChildProcess._handle.onexit (node:internal/child_process:286:19)
    at onErrorNT (node:internal/child_process:484:16)
    at process.processTicksAndRejections (node:internal/process/task_queues:82:21)
[error] 
[error] Error: An unexpected error has occurred.
[debug] [2024-09-25T06:40:26.775Z] ----------------------------------------------------------------------
[debug] [2024-09-25T06:40:26.782Z] Command:       C:\Texh Wing\node.exe C:\Users\uasma\AppData\Roaming\npm\node_modules\firebase-tools\lib\bin\firebase.js login
[debug] [2024-09-25T06:40:26.784Z] CLI Version:   13.19.0
[debug] [2024-09-25T06:40:26.784Z] Platform:      win32
[debug] [2024-09-25T06:40:26.784Z] Node Version:  v20.17.0
[debug] [2024-09-25T06:40:26.785Z] Time:          Wed Sep 25 2024 12:10:26 GMT+0530 (India Standard Time)
[debug] [2024-09-25T06:40:26.785Z] ----------------------------------------------------------------------
[debug] 
[info] i  Firebase optionally collects CLI and Emulator Suite usage and error reporting information to help improve our products. Data is collected in accordance with Google's privacy policy (https://policies.google.com/privacy) and is not used to identify you.
 
[info] i  To change your data collection preference at any time, run `firebase logout` and log in again. 
[info] 
[info] Visit this URL on this device to log in:
[info] https://accounts.google.com/o/oauth2/auth?client_id=563584335869-fgrhgmd47bqnekij5i8b5pr03ho849e6.apps.googleusercontent.com&scope=email%20openid%20https%3A%2F%2Fwww.googleapis.com%2Fauth%2Fcloudplatformprojects.readonly%20https%3A%2F%2Fwww.googleapis.com%2Fauth%2Ffirebase%20https%3A%2F%2Fwww.googleapis.com%2Fauth%2Fcloud-platform&response_type=code&state=301571371&redirect_uri=http%3A%2F%2Flocalhost%3A9005
[info] 
[info] Waiting for authentication...
[debug] [2024-09-25T06:40:40.849Z] Error: spawn cmd ENOENT
    at ChildProcess._handle.onexit (node:internal/child_process:286:19)
    at onErrorNT (node:internal/child_process:484:16)
    at process.processTicksAndRejections (node:internal/process/task_queues:82:21)
[error] 
[error] Error: An unexpected error has occurred.
